<?xml version="1.0" encoding="UTF-8"?>
<!-- Generated by org.testng.reporters.JUnitXMLReporter -->
<testsuite ignored="0" hostname="GaneshThanneru" failures="3" tests="11" name="ChromeTest" time="48.227" errors="0" timestamp="2025-02-15T03:36:54 IST">
  <testcase classname="tests.Login_Test" name="login_tests" time="2.166"/>
  <testcase classname="tests.ItemPageTests" name="item_details_visibility_tests" time="4.567"/>
  <testcase classname="tests.EmailFriend_Tests" name="email_friend_tests" time="7.535">
    <failure type="java.lang.NullPointerException" message="Cannot invoke &amp;quot;org.openqa.selenium.WebElement.isDisplayed()&amp;quot; because &amp;quot;this.emailPage.pageTitle$&amp;quot; is null">
      <![CDATA[java.lang.NullPointerException: Cannot invoke "org.openqa.selenium.WebElement.isDisplayed()" because "this.emailPage.pageTitle$" is null
at tests.EmailFriend_Tests.email_friend_tests(EmailFriend_Tests.java:41)
at java.base/java.util.concurrent.ThreadPoolExecutor.runWorker(ThreadPoolExecutor.java:1144)
at java.base/java.util.concurrent.ThreadPoolExecutor$Worker.run(ThreadPoolExecutor.java:642)
at java.base/java.lang.Thread.run(Thread.java:1575)
... Removed 10 stack frames]]>
    </failure>
  </testcase> <!-- email_friend_tests -->
  <testcase classname="tests.Login_Test" name="login_tests" time="2.304"/>
  <testcase classname="tests.ItemPageTests" name="item_details_visibility_tests" time="4.259"/>
  <testcase classname="tests.EmailFriend_Tests" name="email_friend_tests" time="4.653">
    <failure type="java.lang.NullPointerException" message="Cannot invoke &amp;quot;org.openqa.selenium.WebElement.isDisplayed()&amp;quot; because &amp;quot;this.emailPage.pageTitle$&amp;quot; is null">
      <![CDATA[java.lang.NullPointerException: Cannot invoke "org.openqa.selenium.WebElement.isDisplayed()" because "this.emailPage.pageTitle$" is null
at tests.EmailFriend_Tests.email_friend_tests(EmailFriend_Tests.java:41)
at java.base/java.util.concurrent.ThreadPoolExecutor.runWorker(ThreadPoolExecutor.java:1144)
at java.base/java.util.concurrent.ThreadPoolExecutor$Worker.run(ThreadPoolExecutor.java:642)
at java.base/java.lang.Thread.run(Thread.java:1575)
... Removed 10 stack frames]]>
    </failure>
  </testcase> <!-- email_friend_tests -->
  <testcase classname="tests.Login_Test" name="login_tests" time="3.597"/>
  <testcase classname="tests.ItemPageTests" name="item_page_navigation_tests" time="3.783"/>
  <testcase classname="tests.EmailFriend_Tests" name="email_friend_tests" time="6.401">
    <failure type="java.lang.NullPointerException" message="Cannot invoke &amp;quot;org.openqa.selenium.WebElement.isDisplayed()&amp;quot; because &amp;quot;this.emailPage.pageTitle$&amp;quot; is null">
      <![CDATA[java.lang.NullPointerException: Cannot invoke "org.openqa.selenium.WebElement.isDisplayed()" because "this.emailPage.pageTitle$" is null
at tests.EmailFriend_Tests.email_friend_tests(EmailFriend_Tests.java:41)
at java.base/java.util.concurrent.ThreadPoolExecutor.runWorker(ThreadPoolExecutor.java:1144)
at java.base/java.util.concurrent.ThreadPoolExecutor$Worker.run(ThreadPoolExecutor.java:642)
at java.base/java.lang.Thread.run(Thread.java:1575)
... Removed 10 stack frames]]>
    </failure>
  </testcase> <!-- email_friend_tests -->
  <testcase classname="tests.ItemPageTests" name="item_page_navigation_tests" time="3.999"/>
  <testcase classname="tests.ItemPageTests" name="item_page_navigation_tests" time="5.52"/>
</testsuite> <!-- ChromeTest -->
