<?xml version="1.0" encoding="UTF-8"?>
<!-- Generated by org.testng.reporters.JUnitXMLReporter -->
<testsuite ignored="0" hostname="GaneshThanneru" failures="0" tests="11" name="ChromeTest" time="96.0" errors="0" timestamp="2025-02-15T15:39:07 IST">
  <testcase classname="tests.Login_Test" name="login_tests" time="1.674"/>
  <testcase classname="tests.Login_Test" name="login_tests" time="1.537"/>
  <testcase classname="tests.Login_Test" name="login_tests" time="1.503"/>
  <testcase classname="tests.ItemPageTests" name="item_details_visibility_tests" time="3.822"/>
  <testcase classname="tests.ItemPageTests" name="item_details_visibility_tests" time="3.487"/>
  <testcase classname="tests.ItemPageTests" name="item_page_navigation_tests" time="3.422"/>
  <testcase classname="tests.ItemPageTests" name="item_page_navigation_tests" time="3.271"/>
  <testcase classname="tests.ItemPageTests" name="item_page_navigation_tests" time="3.152"/>
  <testcase classname="tests.EmailFriend_Tests" name="email_friend_tests" time="7.897"/>
  <testcase classname="tests.EmailFriend_Tests" name="email_friend_tests" time="7.997"/>
  <testcase classname="tests.EmailFriend_Tests" name="email_friend_tests" time="10.04"/>
</testsuite> <!-- ChromeTest -->
