<?xml version="1.0" encoding="UTF-8"?>
<!-- Generated by org.testng.reporters.JUnitXMLReporter -->
<testsuite ignored="0" hostname="GaneshThanneru" failures="0" tests="5" name="ChromeTest" time="39.554" errors="0" timestamp="2025-02-14T22:03:21 IST">
  <testcase classname="tests.ItemPageTests" name="verify_item_details_are_visible" time="3.894"/>
  <testcase classname="tests.ItemPageTests" name="verify_item_details_are_visible" time="3.956"/>
  <testcase classname="tests.ItemPageTests" name="verify_navigation_to_Item_page" time="4.161"/>
  <testcase classname="tests.ItemPageTests" name="verify_navigation_to_Item_page" time="3.362"/>
  <testcase classname="tests.ItemPageTests" name="verify_navigation_to_Item_page" time="3.706"/>
</testsuite> <!-- ChromeTest -->
