<?xml version="1.0" encoding="UTF-8"?>
<!-- Generated by org.testng.reporters.JUnitXMLReporter -->
<testsuite ignored="0" hostname="GaneshThanneru" failures="0" tests="3" name="EdgeTest" time="26.625" errors="0" timestamp="2025-02-14T22:03:08 IST">
  <testcase classname="tests.Login_Test" name="valid_login_test" time="1.707"/>
  <testcase classname="tests.Login_Test" name="valid_login_test" time="2.086"/>
  <testcase classname="tests.Login_Test" name="valid_login_test" time="1.796"/>
</testsuite> <!-- EdgeTest -->
