<?xml version="1.0" encoding="UTF-8"?>
<testsuite xmlns:xsi="http://www.w3.org/2001/XMLSchema-instance" xsi:noNamespaceSchemaLocation="https://maven.apache.org/surefire/maven-surefire-plugin/xsd/surefire-test-report.xsd" version="3.0.1" name="TestSuite" time="97.054" tests="11" errors="0" skipped="0" failures="0">
  <properties>
[...]
</properties>
  <testcase name="login_tests[Verify_valid_login, sku@mail.com, sku1234](1)" classname="tests.Login_Test" time="1.871">
    <system-out><![CDATA[2025-02-15T10:07:31.075438800Z TestNG-tests-1 ERROR Log4j API could not find a logging provider.
>> Verify_valid_login
]]></system-out>
    <system-err><![CDATA[SLF4J: Failed to load class "org.slf4j.impl.StaticLoggerBinder".
SLF4J: Defaulting to no-operation (NOP) logger implementation
SLF4J: See http://www.slf4j.org/codes.html#StaticLoggerBinder for further details.
Feb 15, 2025 3:37:33 PM org.openqa.selenium.devtools.CdpVersionFinder findNearestMatch
WARNING: Unable to find an exact match for CDP version 133, returning the closest version; found: 132; Please update to a Selenium version that supports CDP version 133
]]></system-err>
  </testcase>
  <testcase name="login_tests[Verify_invalid_login: password blank, sku@mail.com, ](2)" classname="tests.Login_Test" time="1.699">
    <system-out><![CDATA[>> Verify_invalid_login: password blank
]]></system-out>
    <system-err><![CDATA[Feb 15, 2025 3:37:39 PM org.openqa.selenium.devtools.CdpVersionFinder findNearestMatch
WARNING: Unable to find an exact match for CDP version 133, returning the closest version; found: 132; Please update to a Selenium version that supports CDP version 133
]]></system-err>
  </testcase>
  <testcase name="login_tests[Verify_invalid_login: email blank, , sku1234](3)" classname="tests.Login_Test" time="1.633">
    <system-out><![CDATA[>> Verify_invalid_login: email blank
]]></system-out>
    <system-err><![CDATA[Feb 15, 2025 3:37:45 PM org.openqa.selenium.devtools.CdpVersionFinder findNearestMatch
WARNING: Unable to find an exact match for CDP version 133, returning the closest version; found: 132; Please update to a Selenium version that supports CDP version 133
]]></system-err>
  </testcase>
  <testcase name="item_details_visibility_tests[Verify_item_details_are_visible, Black &amp; White Diamond Heart](1)" classname="tests.ItemPageTests" time="3.985">
    <system-out><![CDATA[>> Verify_item_details_are_visible-Black & White Diamond Heart
]]></system-out>
    <system-err><![CDATA[Feb 15, 2025 3:37:50 PM org.openqa.selenium.devtools.CdpVersionFinder findNearestMatch
WARNING: Unable to find an exact match for CDP version 133, returning the closest version; found: 132; Please update to a Selenium version that supports CDP version 133
]]></system-err>
  </testcase>
  <testcase name="item_details_visibility_tests[Verify_item_details_are_visible, Smartphone](2)" classname="tests.ItemPageTests" time="3.647">
    <system-out><![CDATA[>> Verify_item_details_are_visible-Smartphone
]]></system-out>
    <system-err><![CDATA[Feb 15, 2025 3:37:58 PM org.openqa.selenium.devtools.CdpVersionFinder findNearestMatch
WARNING: Unable to find an exact match for CDP version 133, returning the closest version; found: 132; Please update to a Selenium version that supports CDP version 133
]]></system-err>
  </testcase>
  <testcase name="item_page_navigation_tests[Verify_navigation_to_Item_page, Black &amp; White Diamond Heart](1)" classname="tests.ItemPageTests" time="3.572">
    <system-out><![CDATA[>> Verify_navigation_to_Item_page-Black & White Diamond Heart
]]></system-out>
    <system-err><![CDATA[Feb 15, 2025 3:38:06 PM org.openqa.selenium.devtools.CdpVersionFinder findNearestMatch
WARNING: Unable to find an exact match for CDP version 133, returning the closest version; found: 132; Please update to a Selenium version that supports CDP version 133
]]></system-err>
  </testcase>
  <testcase name="item_page_navigation_tests[Verify_navigation_to_Item_page, 14.1-inch Laptop](2)" classname="tests.ItemPageTests" time="3.427">
    <system-out><![CDATA[>> Verify_navigation_to_Item_page-14.1-inch Laptop
]]></system-out>
    <system-err><![CDATA[Feb 15, 2025 3:38:14 PM org.openqa.selenium.devtools.CdpVersionFinder findNearestMatch
WARNING: Unable to find an exact match for CDP version 133, returning the closest version; found: 132; Please update to a Selenium version that supports CDP version 133
]]></system-err>
  </testcase>
  <testcase name="item_page_navigation_tests[Verify_navigation_to_Item_page, Smartphone](3)" classname="tests.ItemPageTests" time="3.288">
    <system-out><![CDATA[>> Verify_navigation_to_Item_page-Smartphone
]]></system-out>
    <system-err><![CDATA[Feb 15, 2025 3:38:21 PM org.openqa.selenium.devtools.CdpVersionFinder findNearestMatch
WARNING: Unable to find an exact match for CDP version 133, returning the closest version; found: 132; Please update to a Selenium version that supports CDP version 133
]]></system-err>
  </testcase>
  <testcase name="email_friend_tests[Valid_emailing, Black &amp; White Diamond Heart, frnd@test.com, Valid email testing](1)" classname="tests.EmailFriend_Tests" time="8.005">
    <system-out><![CDATA[>> Valid_emailing-Black & White Diamond Heart
]]></system-out>
    <system-err><![CDATA[Feb 15, 2025 3:38:28 PM org.openqa.selenium.devtools.CdpVersionFinder findNearestMatch
WARNING: Unable to find an exact match for CDP version 133, returning the closest version; found: 132; Please update to a Selenium version that supports CDP version 133
]]></system-err>
  </testcase>
  <testcase name="email_friend_tests[Invalid_emailing: friend and user email same, 14.1-inch Laptop, sku@mail.com, Invalid email testing](2)" classname="tests.EmailFriend_Tests" time="8.106">
    <system-out><![CDATA[>> Invalid_emailing: friend and user email same-14.1-inch Laptop
]]></system-out>
    <system-err><![CDATA[Feb 15, 2025 3:38:40 PM org.openqa.selenium.devtools.CdpVersionFinder findNearestMatch
WARNING: Unable to find an exact match for CDP version 133, returning the closest version; found: 132; Please update to a Selenium version that supports CDP version 133
]]></system-err>
  </testcase>
  <testcase name="email_friend_tests[Invalid_emailing: invalid friend email, Smartphone, t, Invalid email testing](3)" classname="tests.EmailFriend_Tests" time="10.172">
    <system-out><![CDATA[>> Invalid_emailing: invalid friend email-Smartphone
]]></system-out>
    <system-err><![CDATA[Feb 15, 2025 3:38:53 PM org.openqa.selenium.devtools.CdpVersionFinder findNearestMatch
WARNING: Unable to find an exact match for CDP version 133, returning the closest version; found: 132; Please update to a Selenium version that supports CDP version 133
]]></system-err>
  </testcase>
</testsuite>